-------------------------------------------------------------------------------
Test set: com.demoapp.DemoappApplicationTests
-------------------------------------------------------------------------------
Tests run: 1, Failures: 0, Errors: 1, Skipped: 0, Time elapsed: 0.337 s <<< FAILURE! - in com.demoapp.DemoappApplicationTests
com.demoapp.DemoappApplicationTests  Time elapsed: 0.335 s  <<< ERROR!
java.lang.IllegalStateException: Unable to find a @SpringBootConfiguration, you need to use @ContextConfiguration or @SpringBootTest(classes=...) with your test

